<?xml version="1.0" encoding="UTF-8"?>
<testng-results skipped="0" failed="0" ignored="0" total="1" passed="1">
  <reporter-output>
  </reporter-output>
  <suite name="Default suite" duration-ms="4410" started-at="2022-06-10T11:27:15Z" finished-at="2022-06-10T11:27:20Z">
    <groups>
    </groups>
    <test name="Default test" duration-ms="4410" started-at="2022-06-10T11:27:15Z" finished-at="2022-06-10T11:27:20Z">
      <class name="restassuredbdd.test.qa.RestAssuredPutBasic">
        <test-method status="PASS" signature="setPutData()[pri:0, instance:restassuredbdd.test.qa.RestAssuredPutBasic@77cd7a0]" name="setPutData" is-config="true" duration-ms="631" started-at="2022-06-10T11:27:15Z" finished-at="2022-06-10T11:27:16Z">
          <reporter-output>
          </reporter-output>
        </test-method> <!-- setPutData -->
        <test-method status="PASS" signature="executePutApi()[pri:0, instance:restassuredbdd.test.qa.RestAssuredPutBasic@77cd7a0]" name="executePutApi" duration-ms="3751" started-at="2022-06-10T11:27:16Z" finished-at="2022-06-10T11:27:20Z">
          <reporter-output>
          </reporter-output>
        </test-method> <!-- executePutApi -->
      </class> <!-- restassuredbdd.test.qa.RestAssuredPutBasic -->
    </test> <!-- Default test -->
  </suite> <!-- Default suite -->
</testng-results>
