<?xml version="1.0" encoding="UTF-8"?>
<!-- Generated by org.testng.reporters.JUnitXMLReporter -->
<testsuite hostname="Aditya" ignored="0" name="RestAssuredAutomationBDD  testcases" tests="2" failures="0" timestamp="09 Jun 2022 20:31:29 GMT" time="4.911" errors="0">
  <testcase name="executeGetBasic" time="3.973" classname="restassuredbdd.test.qa.RestAssuredGetBasic"/>
  <testcase name="executePostApi" time="0.891" classname="restassuredbdd.test.qa.RestAssuredPostBasic"/>
</testsuite> <!-- RestAssuredAutomationBDD  testcases -->
